#! /usr/bin/vvp
:ivl_version "10.3 (stable)" "(v10_3)";
:ivl_delay_selection "TYPICAL";
:vpi_time_precision + 0;
:vpi_module "system";
:vpi_module "vhdl_sys";
:vpi_module "v2005_math";
:vpi_module "va_math";
S_0x5584f10760d0 .scope module, "branch_controller" "branch_controller" 2 1;
 .timescale 0 0;
    .port_info 0 /INPUT 3 "funct3"
    .port_info 1 /INPUT 32 "alu_out"
    .port_info 2 /OUTPUT 1 "branch_ctrl"
P_0x5584f1076250 .param/l "BEQ" 0 2 6, C4<000>;
P_0x5584f1076290 .param/l "BGE" 0 2 9, C4<101>;
P_0x5584f10762d0 .param/l "BGEU" 0 2 11, C4<111>;
P_0x5584f1076310 .param/l "BLT" 0 2 8, C4<100>;
P_0x5584f1076350 .param/l "BLTU" 0 2 10, C4<110>;
P_0x5584f1076390 .param/l "BNE" 0 2 7, C4<001>;
o0x7f82649230a8 .functor BUFZ 32, C4<zzzzzzzzzzzzzzzzzzzzzzzzzzzzzzzz>; HiZ drive
v0x5584f10bd160_0 .net "alu_out", 31 0, o0x7f82649230a8;  0 drivers
v0x5584f10bd260_0 .net "branch_ctrl", 0 0, L_0x5584f10bd490;  1 drivers
o0x7f8264923108 .functor BUFZ 3, C4<zzz>; HiZ drive
v0x5584f10bd320_0 .net "funct3", 2 0, o0x7f8264923108;  0 drivers
L_0x5584f10bd490 .ufunc TD_branch_controller.branch_control, 1, o0x7f8264923108, o0x7f82649230a8 (v0x5584f10bd0a0_0, v0x5584f1089fe0_0) v0x5584f10bcfe0_0 S_0x5584f1089e10;
S_0x5584f1089e10 .scope function, "branch_control" "branch_control" 2 15, 2 15 0, S_0x5584f10760d0;
 .timescale 0 0;
v0x5584f1089fe0_0 .var "alu_out", 31 0;
v0x5584f10bcfe0_0 .var "branch_control", 0 0;
v0x5584f10bd0a0_0 .var "funct3", 2 0;
TD_branch_controller.branch_control ;
    %load/vec4 v0x5584f10bd0a0_0;
    %dup/vec4;
    %pushi/vec4 0, 0, 3;
    %cmp/u;
    %jmp/1 T_0.0, 6;
    %dup/vec4;
    %pushi/vec4 1, 0, 3;
    %cmp/u;
    %jmp/1 T_0.1, 6;
    %dup/vec4;
    %pushi/vec4 4, 0, 3;
    %cmp/u;
    %jmp/1 T_0.2, 6;
    %dup/vec4;
    %pushi/vec4 5, 0, 3;
    %cmp/u;
    %jmp/1 T_0.3, 6;
    %dup/vec4;
    %pushi/vec4 6, 0, 3;
    %cmp/u;
    %jmp/1 T_0.4, 6;
    %dup/vec4;
    %pushi/vec4 7, 0, 3;
    %cmp/u;
    %jmp/1 T_0.5, 6;
    %jmp T_0.6;
T_0.0 ;
    %load/vec4 v0x5584f1089fe0_0;
    %nor/r;
    %store/vec4 v0x5584f10bcfe0_0, 0, 1;
    %jmp T_0.6;
T_0.1 ;
    %load/vec4 v0x5584f1089fe0_0;
    %nand/r;
    %store/vec4 v0x5584f10bcfe0_0, 0, 1;
    %jmp T_0.6;
T_0.2 ;
    %load/vec4 v0x5584f1089fe0_0;
    %parti/s 1, 0, 2;
    %store/vec4 v0x5584f10bcfe0_0, 0, 1;
    %jmp T_0.6;
T_0.3 ;
    %load/vec4 v0x5584f1089fe0_0;
    %parti/s 1, 0, 2;
    %inv;
    %store/vec4 v0x5584f10bcfe0_0, 0, 1;
    %jmp T_0.6;
T_0.4 ;
    %load/vec4 v0x5584f1089fe0_0;
    %parti/s 1, 0, 2;
    %store/vec4 v0x5584f10bcfe0_0, 0, 1;
    %jmp T_0.6;
T_0.5 ;
    %load/vec4 v0x5584f1089fe0_0;
    %parti/s 1, 0, 2;
    %inv;
    %store/vec4 v0x5584f10bcfe0_0, 0, 1;
    %jmp T_0.6;
T_0.6 ;
    %pop/vec4 1;
    %end;
# The file index is used to find the file name in the following table.
:file_names 3;
    "N/A";
    "<interactive>";
    "branch_controller.v";
